Arguments: 
  /usr/local/bin/node /usr/local/Cellar/yarn/1.5.1_1/libexec/bin/yarn.js test -u

PATH: 
  /Users/wchoi95/go/src/github.com/etherparty/epctl/bin:/Users/wchoi95/bin:/usr/local/bin:/usr/local/bin:/usr/bin:/bin:/usr/sbin:/sbin:/usr/local/go/bin:/opt/X11/bin:/Users/wchoi95/go/bin:/Users/wchoi95/tools/os161/bin:/Users/wchoi95/tools/sys161/bin

Yarn version: 
  1.5.1

Node version: 
  8.9.4

Platform: 
  darwin x64

npm manifest: 
  {
    "name": "my-new-project",
    "main": "node_modules/expo/AppEntry.js",
    "private": true,
    "scripts": {
      "start": "expo start",
      "production": "REACT_APP_SERVER=prod npm start",
      "android": "expo start --android",
      "ios": "expo start --ios",
      "eject": "expo eject",
      "test": "jest"
    },
    "jest": {
      "preset": "jest-expo"
    },
    "dependencies": {
      "@expo/samples": "2.1.1",
      "axios": "^0.18.0",
      "coveralls": "^3.0.2",
      "enzyme": "^3.7.0",
      "enzyme-adapter-react-16": "^1.7.0",
      "enzyme-to-json": "^3.3.4",
      "expo": "^30.0.1",
      "react": "16.3.1",
      "react-native": "https://github.com/expo/react-native/archive/sdk-30.0.0.tar.gz",
      "react-native-phone-input": "^0.2.1",
      "react-native-picker-select": "^5.0.0",
      "react-native-vector-icons": "^6.0.2",
      "react-navigation": "^2.16.0",
      "react-navigation-redux-helpers": "^2.0.6",
      "react-redux": "^5.0.7",
      "redux": "^4.0.1",
      "redux-persist": "^5.10.0"
    },
    "devDependencies": {
      "jest": "^23.6.0",
      "jest-expo": "30.0.0",
      "react-dom": "^16.6.3"
    }
  }

yarn manifest: 
  No manifest

Lockfile: 
  No lockfile

Trace: 
  Error: Command failed.
  Exit code: 1
  Command: sh
  Arguments: -c jest -u
  Directory: /Users/wchoi95/Documents/School/CPEN321/group-project/CPEN321/frontend
  Output:
  
      at ProcessTermError.MessageError (/usr/local/Cellar/yarn/1.5.1_1/libexec/lib/cli.js:186:110)
      at new ProcessTermError (/usr/local/Cellar/yarn/1.5.1_1/libexec/lib/cli.js:226:113)
      at ChildProcess.<anonymous> (/usr/local/Cellar/yarn/1.5.1_1/libexec/lib/cli.js:30281:17)
      at emitTwo (events.js:126:13)
      at ChildProcess.emit (events.js:214:7)
      at maybeClose (internal/child_process.js:925:16)
      at Process.ChildProcess._handle.onexit (internal/child_process.js:209:5)
